<?xml version="1.0" encoding="UTF-8" ?>
<testsuite tests="1" failures="1" name="testRunners.TestCase" time="11.466" errors="0" skipped="0">
  <properties>
[...]
</properties>
  <testcase classname="testRunners.TestCase" name="testValidateAddtoCartFunctionality" time="11.466">
    <failure message="expected [false] but found [true]" type="java.lang.AssertionError">java.lang.AssertionError: expected [false] but found [true]
	at org.testng.Assert.fail(Assert.java:110)
	at org.testng.Assert.failNotEquals(Assert.java:1577)
	at org.testng.Assert.assertEqualsImpl(Assert.java:149)
	at org.testng.Assert.assertEquals(Assert.java:131)
	at org.testng.Assert.assertEquals(Assert.java:1066)
	at org.testng.Assert.assertEquals(Assert.java:1030)
	at org.testng.Assert.assertEquals(Assert.java:1076)
	at pageObject.HomePage.validateThePricesSortAscending(HomePage.java:234)
	at testRunners.TestCase.testValidateAddtoCartFunctionality(TestCase.java:84)
</failure>
    <system-out>Configuring TestNG with: org.apache.maven.surefire.testng.conf.TestNG652Configurator@4e718207
</system-out>
    <system-err>SLF4J: Failed to load class &quot;org.slf4j.impl.StaticLoggerBinder&quot;.
SLF4J: Defaulting to no-operation (NOP) logger implementation
SLF4J: See http://www.slf4j.org/codes.html#StaticLoggerBinder for further details.
Starting ChromeDriver 112.0.5615.49 (bd2a7bcb881c11e8cfe3078709382934e3916914-refs/branch-heads/5615@{#936}) on port 47929
Only local connections are allowed.
Please see https://chromedriver.chromium.org/security-considerations for suggestions on keeping ChromeDriver safe.
ChromeDriver was started successfully.
Apr 16, 2023 5:51:41 PM org.openqa.selenium.devtools.CdpVersionFinder findNearestMatch
WARNING: Unable to find an exact match for CDP version 112, so returning the closest version found: 111
</system-err>
  </testcase>
</testsuite>