<?xml version="1.0" encoding="UTF-8"?>
<testng-results ignored="0" total="2" passed="2" failed="0" skipped="0">
  <reporter-output>
  </reporter-output>
  <suite started-at="2023-04-13T13:10:49 ICT" name="Default suite" finished-at="2023-04-13T13:11:29 ICT" duration-ms="40047">
    <groups>
    </groups>
    <test started-at="2023-04-13T13:10:49 ICT" name="Default test" finished-at="2023-04-13T13:11:29 ICT" duration-ms="40047">
      <class name="testRunners.TestCase">
        <test-method is-config="true" signature="setUp()[pri:0, instance:testRunners.TestCase@1e1a0406]" started-at="2023-04-13T13:10:49 ICT" name="setUp" finished-at="2023-04-13T13:10:53 ICT" duration-ms="4035" status="PASS">
          <reporter-output>
          </reporter-output>
        </test-method> <!-- setUp -->
        <test-method signature="testValidateAddtoCartFunctionality()[pri:1, instance:testRunners.TestCase@1e1a0406]" started-at="2023-04-13T13:10:53 ICT" name="testValidateAddtoCartFunctionality" finished-at="2023-04-13T13:11:06 ICT" duration-ms="12521" status="PASS">
          <reporter-output>
          </reporter-output>
        </test-method> <!-- testValidateAddtoCartFunctionality -->
        <test-method is-config="true" signature="tearDown()[pri:0, instance:testRunners.TestCase@1e1a0406]" started-at="2023-04-13T13:11:06 ICT" name="tearDown" finished-at="2023-04-13T13:11:06 ICT" duration-ms="455" status="PASS">
          <reporter-output>
          </reporter-output>
        </test-method> <!-- tearDown -->
        <test-method is-config="true" signature="setUp()[pri:0, instance:testRunners.TestCase@1e1a0406]" started-at="2023-04-13T13:11:06 ICT" name="setUp" finished-at="2023-04-13T13:11:08 ICT" duration-ms="1668" status="PASS">
          <reporter-output>
          </reporter-output>
        </test-method> <!-- setUp -->
        <test-method signature="testValidateSortFunctionality()[pri:2, instance:testRunners.TestCase@1e1a0406]" started-at="2023-04-13T13:11:08 ICT" name="testValidateSortFunctionality" finished-at="2023-04-13T13:11:29 ICT" duration-ms="20958" status="PASS">
          <reporter-output>
          </reporter-output>
        </test-method> <!-- testValidateSortFunctionality -->
        <test-method is-config="true" signature="tearDown()[pri:0, instance:testRunners.TestCase@1e1a0406]" started-at="2023-04-13T13:11:29 ICT" name="tearDown" finished-at="2023-04-13T13:11:29 ICT" duration-ms="323" status="PASS">
          <reporter-output>
          </reporter-output>
        </test-method> <!-- tearDown -->
      </class> <!-- testRunners.TestCase -->
    </test> <!-- Default test -->
  </suite> <!-- Default suite -->
</testng-results>
